Standard Commons Logging discovery in action with spring-jcl: please remove commons-logging.jar from classpath in order to avoid potential conflicts

  .   ____          _            __ _ _
 /\\ / ___'_ __ _ _(_)_ __  __ _ \ \ \ \
( ( )\___ | '_ | '_| | '_ \/ _` | \ \ \ \
 \\/  ___)| |_)| | | | | || (_| |  ) ) ) )
  '  |____| .__|_| |_|_| |_\__, | / / / /
 =========|_|==============|___/=/_/_/_/

 :: Spring Boot ::               (v3.3.13)

2025-07-04T18:24:38.144+08:00  INFO 38400 --- [payment-tracker] [           main] i.g.p.app.PaymentTrackerApplication      : Starting PaymentTrackerApplication v0.0.1-SNAPSHOT using Java 21.0.4 with PID 38400 (/Users/weihan/coding/Personal/Java/payment-tracker/payment-tracker-app/target/payment-tracker-app-0.0.1-SNAPSHOT.jar started by weihan in /Users/weihan/coding/Personal/Java/payment-tracker)
2025-07-04T18:24:38.146+08:00  INFO 38400 --- [payment-tracker] [           main] i.g.p.app.PaymentTrackerApplication      : No active profile set, falling back to 1 default profile: "default"
2025-07-04T18:24:38.628+08:00  INFO 38400 --- [payment-tracker] [           main] .s.d.r.c.RepositoryConfigurationDelegate : Bootstrapping Spring Data JPA repositories in DEFAULT mode.
2025-07-04T18:24:38.653+08:00  INFO 38400 --- [payment-tracker] [           main] .s.d.r.c.RepositoryConfigurationDelegate : Finished Spring Data repository scanning in 20 ms. Found 2 JPA repository interfaces.




































































































































































2025-07-04T18:24:38.907+08:00  INFO 38400 --- [payment-tracker] [           main] org.reflections.Reflections              : Reflections took 14 ms to scan 1 urls, producing 4 keys and 4 values
2025-07-04T18:24:38.955+08:00  WARN 38400 --- [payment-tracker] [           main] trationDelegate$BeanPostProcessorChecker : Bean 'org.apache.rocketmq.spring.autoconfigure.ListenerContainerConfiguration' of type [org.apache.rocketmq.spring.autoconfigure.ListenerContainerConfiguration$$SpringCGLIB$$0] is not eligible for getting processed by all BeanPostProcessors (for example: not eligible for auto-proxying). Is this bean getting eagerly injected into a currently created BeanPostProcessor [org.apache.rocketmq.spring.annotation.RocketMQMessageListenerBeanPostProcessor]? Check the corresponding BeanPostProcessor declaration and its dependencies.
2025-07-04T18:24:38.956+08:00  WARN 38400 --- [payment-tracker] [           main] trationDelegate$BeanPostProcessorChecker : Bean 'org.apache.rocketmq.spring.autoconfigure.MessageConverterConfiguration' of type [org.apache.rocketmq.spring.autoconfigure.MessageConverterConfiguration$$SpringCGLIB$$0] is not eligible for getting processed by all BeanPostProcessors (for example: not eligible for auto-proxying). Is this bean getting eagerly injected into a currently created BeanPostProcessor [org.apache.rocketmq.spring.annotation.RocketMQMessageListenerBeanPostProcessor]? Check the corresponding BeanPostProcessor declaration and its dependencies.
2025-07-04T18:24:38.983+08:00  WARN 38400 --- [payment-tracker] [           main] trationDelegate$BeanPostProcessorChecker : Bean 'createRocketMQMessageConverter' of type [org.apache.rocketmq.spring.support.RocketMQMessageConverter] is not eligible for getting processed by all BeanPostProcessors (for example: not eligible for auto-proxying). Is this bean getting eagerly injected into a currently created BeanPostProcessor [org.apache.rocketmq.spring.annotation.RocketMQMessageListenerBeanPostProcessor]? Check the corresponding BeanPostProcessor declaration and its dependencies.
2025-07-04T18:24:38.993+08:00  WARN 38400 --- [payment-tracker] [           main] trationDelegate$BeanPostProcessorChecker : Bean 'rocketmq-org.apache.rocketmq.spring.autoconfigure.RocketMQProperties' of type [org.apache.rocketmq.spring.autoconfigure.RocketMQProperties] is not eligible for getting processed by all BeanPostProcessors (for example: not eligible for auto-proxying). Is this bean getting eagerly injected into a currently created BeanPostProcessor [org.apache.rocketmq.spring.annotation.RocketMQMessageListenerBeanPostProcessor]? Check the corresponding BeanPostProcessor declaration and its dependencies.
2025-07-04T18:24:38.995+08:00  WARN 38400 --- [payment-tracker] [           main] trationDelegate$BeanPostProcessorChecker : Bean 'rocketMQMessageListenerContainerRegistrar' of type [org.apache.rocketmq.spring.support.RocketMQMessageListenerContainerRegistrar] is not eligible for getting processed by all BeanPostProcessors (for example: not eligible for auto-proxying). Is this bean getting eagerly injected into a currently created BeanPostProcessor [org.apache.rocketmq.spring.annotation.RocketMQMessageListenerBeanPostProcessor]? Check the corresponding BeanPostProcessor declaration and its dependencies.
2025-07-04T18:24:39.128+08:00  INFO 38400 --- [payment-tracker] [           main] o.s.b.w.embedded.tomcat.TomcatWebServer  : Tomcat initialized with port 8080 (http)
2025-07-04T18:24:39.138+08:00  INFO 38400 --- [payment-tracker] [           main] o.apache.catalina.core.StandardService   : Starting service [Tomcat]
2025-07-04T18:24:39.138+08:00  INFO 38400 --- [payment-tracker] [           main] o.apache.catalina.core.StandardEngine    : Starting Servlet engine: [Apache Tomcat/10.1.42]
2025-07-04T18:24:39.156+08:00  INFO 38400 --- [payment-tracker] [           main] o.a.c.c.C.[Tomcat].[localhost].[/]       : Initializing Spring embedded WebApplicationContext
2025-07-04T18:24:39.156+08:00  INFO 38400 --- [payment-tracker] [           main] w.s.c.ServletWebServerApplicationContext : Root WebApplicationContext: initialization completed in 949 ms
Standard Commons Logging discovery in action with spring-jcl: please remove commons-logging.jar from classpath in order to avoid potential conflicts
2025-07-04T18:24:39.248+08:00  INFO 38400 --- [payment-tracker] [           main] o.hibernate.jpa.internal.util.LogHelper  : HHH000204: Processing PersistenceUnitInfo [name: default]
2025-07-04T18:24:39.300+08:00  INFO 38400 --- [payment-tracker] [           main] org.hibernate.Version                    : HHH000412: Hibernate ORM core version 6.5.3.Final
2025-07-04T18:24:39.315+08:00  INFO 38400 --- [payment-tracker] [           main] o.h.c.internal.RegionFactoryInitiator    : HHH000026: Second-level cache disabled
2025-07-04T18:24:39.356+08:00  INFO 38400 --- [payment-tracker] [           main] com.zaxxer.hikari.HikariDataSource       : HikariPool-1 - Starting...
2025-07-04T18:24:39.956+08:00  INFO 38400 --- [payment-tracker] [           main] com.zaxxer.hikari.pool.HikariPool        : HikariPool-1 - Added connection org.postgresql.jdbc.PgConnection@75ed125a
2025-07-04T18:24:39.957+08:00  INFO 38400 --- [payment-tracker] [           main] com.zaxxer.hikari.HikariDataSource       : HikariPool-1 - Start completed.
2025-07-04T18:24:40.039+08:00  WARN 38400 --- [payment-tracker] [           main] org.hibernate.orm.deprecation            : HHH90000025: PostgreSQLDialect does not need to be specified explicitly using 'hibernate.dialect' (remove the property setting and it will be selected by default)
2025-07-04T18:24:40.299+08:00  INFO 38400 --- [payment-tracker] [           main] o.s.o.j.p.SpringPersistenceUnitInfo      : No LoadTimeWeaver setup: ignoring JPA class transformer
2025-07-04T18:24:40.638+08:00  INFO 38400 --- [payment-tracker] [           main] o.h.e.t.j.p.i.JtaPlatformInitiator       : HHH000489: No JTA platform available (set 'hibernate.transaction.jta.platform' to enable JTA platform integration)
Hibernate: create table image_analysis_attempts (id uuid not null, ai_context jsonb, created_at timestamp(6) with time zone not null, failure_reason text, parsed_payment_details jsonb, payment_image_id uuid not null, raw_analysis_result text, status varchar(255) not null check (status in ('PENDING_ANALYSIS','ANALYZING','ANALYSIS_SUCCEEDED','ANALYSIS_FAILED','PENDING_CONFIRMATION','CONFIRMED','REJECTED')), updated_at timestamp(6) with time zone not null, primary key (id))
Hibernate: create table payment_images (id uuid not null, content_type varchar(255), created_at timestamp(6) with time zone not null, image_hash varchar(255) not null, image_url varchar(2048) not null, original_filename varchar(255), size bigint, status varchar(255) not null check (status in ('UPLOADED','ANALYSIS_PENDING','ANALYSIS_COMPLETED','ANALYSIS_FAILED')), user_id varchar(255) not null, primary key (id))
Hibernate: alter table if exists payment_images drop constraint if exists UK7l7nx0oq9rkr9iwwta8yo596a
2025-07-04T18:24:41.045+08:00  WARN 38400 --- [payment-tracker] [           main] o.h.engine.jdbc.spi.SqlExceptionHelper   : SQL Warning Code: 0, SQLState: 00000
2025-07-04T18:24:41.046+08:00  WARN 38400 --- [payment-tracker] [           main] o.h.engine.jdbc.spi.SqlExceptionHelper   : constraint "uk7l7nx0oq9rkr9iwwta8yo596a" of relation "payment_images" does not exist, skipping
Hibernate: alter table if exists payment_images add constraint UK7l7nx0oq9rkr9iwwta8yo596a unique (image_hash)
2025-07-04T18:24:41.089+08:00  INFO 38400 --- [payment-tracker] [           main] j.LocalContainerEntityManagerFactoryBean : Initialized JPA EntityManagerFactory for persistence unit 'default'
2025-07-04T18:24:41.256+08:00  WARN 38400 --- [payment-tracker] [           main] JpaBaseConfiguration$JpaWebConfiguration : spring.jpa.open-in-view is enabled by default. Therefore, database queries may be performed during view rendering. Explicitly configure spring.jpa.open-in-view to disable this warning
2025-07-04T18:24:41.487+08:00  INFO 38400 --- [payment-tracker] [           main] o.a.r.s.a.RocketMQAutoConfiguration      : a producer (payment-tracker-producer-group) init on namesrv localhost:9876
2025-07-04T18:24:41.615+08:00  INFO 38400 --- [payment-tracker] [           main] o.s.b.w.embedded.tomcat.TomcatWebServer  : Tomcat started on port 8080 (http) with context path '/'
2025-07-04T18:24:41.619+08:00  INFO 38400 --- [payment-tracker] [           main] i.g.p.app.PaymentTrackerApplication      : Started PaymentTrackerApplication in 3.768 seconds (process running for 4.123)
2025-07-04T18:37:39.840+08:00  WARN 38400 --- [payment-tracker] [l-1 housekeeper] com.zaxxer.hikari.pool.HikariPool        : HikariPool-1 - Retrograde clock change detected (housekeeper delta=29s712ms), soft-evicting connections from pool.
2025-07-04T21:39:09.468+08:00  WARN 38400 --- [payment-tracker] [l-1 housekeeper] com.zaxxer.hikari.pool.HikariPool        : HikariPool-1 - Retrograde clock change detected (housekeeper delta=27s873ms), soft-evicting connections from pool.
2025-07-04T22:32:24.718+08:00  WARN 38400 --- [payment-tracker] [l-1 housekeeper] com.zaxxer.hikari.pool.HikariPool        : HikariPool-1 - Thread starvation or clock leap detected (housekeeper delta=37m15s70ms).
2025-07-04T23:02:56.906+08:00  WARN 38400 --- [payment-tracker] [l-1 housekeeper] com.zaxxer.hikari.pool.HikariPool        : HikariPool-1 - Thread starvation or clock leap detected (housekeeper delta=30m32s189ms).
2025-07-04T23:49:04.652+08:00  WARN 38400 --- [payment-tracker] [l-1 housekeeper] com.zaxxer.hikari.pool.HikariPool        : HikariPool-1 - Thread starvation or clock leap detected (housekeeper delta=43m27s477ms).
2025-07-04T23:54:44.367+08:00  WARN 38400 --- [payment-tracker] [l-1 housekeeper] com.zaxxer.hikari.pool.HikariPool        : HikariPool-1 - Thread starvation or clock leap detected (housekeeper delta=5m39s715ms).
2025-07-05T00:52:56.688+08:00  WARN 38400 --- [payment-tracker] [l-1 housekeeper] com.zaxxer.hikari.pool.HikariPool        : HikariPool-1 - Thread starvation or clock leap detected (housekeeper delta=49m56s970ms).
2025-07-05T02:08:00.994+08:00  WARN 38400 --- [payment-tracker] [l-1 housekeeper] com.zaxxer.hikari.pool.HikariPool        : HikariPool-1 - Thread starvation or clock leap detected (housekeeper delta=1h15m4s305ms).
2025-07-05T03:46:28.568+08:00  WARN 38400 --- [payment-tracker] [l-1 housekeeper] com.zaxxer.hikari.pool.HikariPool        : HikariPool-1 - Thread starvation or clock leap detected (housekeeper delta=1h38m27s575ms).
2025-07-05T04:58:04.391+08:00  WARN 38400 --- [payment-tracker] [l-1 housekeeper] com.zaxxer.hikari.pool.HikariPool        : HikariPool-1 - Thread starvation or clock leap detected (housekeeper delta=1h11m35s823ms).
2025-07-05T06:14:39.028+08:00  WARN 38400 --- [payment-tracker] [l-1 housekeeper] com.zaxxer.hikari.pool.HikariPool        : HikariPool-1 - Thread starvation or clock leap detected (housekeeper delta=1h16m34s637ms).
2025-07-05T07:32:04.060+08:00  WARN 38400 --- [payment-tracker] [l-1 housekeeper] com.zaxxer.hikari.pool.HikariPool        : HikariPool-1 - Thread starvation or clock leap detected (housekeeper delta=1h17m25s32ms).
2025-07-05T08:48:03.445+08:00  WARN 38400 --- [payment-tracker] [l-1 housekeeper] com.zaxxer.hikari.pool.HikariPool        : HikariPool-1 - Thread starvation or clock leap detected (housekeeper delta=1h15m59s385ms).
2025-07-05T10:03:10.184+08:00  WARN 38400 --- [payment-tracker] [l-1 housekeeper] com.zaxxer.hikari.pool.HikariPool        : HikariPool-1 - Thread starvation or clock leap detected (housekeeper delta=1h15m6s739ms).
2025-07-05T10:56:51.050+08:00  WARN 38400 --- [payment-tracker] [l-1 housekeeper] com.zaxxer.hikari.pool.HikariPool        : HikariPool-1 - Thread starvation or clock leap detected (housekeeper delta=33m17s393ms).
2025-07-05T11:04:31.746+08:00  WARN 38400 --- [payment-tracker] [l-1 housekeeper] com.zaxxer.hikari.pool.HikariPool        : HikariPool-1 - Thread starvation or clock leap detected (housekeeper delta=7m40s697ms).
2025-07-05T11:22:13.897+08:00  WARN 38400 --- [payment-tracker] [l-1 housekeeper] com.zaxxer.hikari.pool.HikariPool        : HikariPool-1 - Thread starvation or clock leap detected (housekeeper delta=17m42s151ms).
2025-07-05T11:39:05.286+08:00  WARN 38400 --- [payment-tracker] [l-1 housekeeper] com.zaxxer.hikari.pool.HikariPool        : HikariPool-1 - Thread starvation or clock leap detected (housekeeper delta=16m51s389ms).
2025-07-05T17:32:58.224+08:00  WARN 38400 --- [payment-tracker] [l-1 housekeeper] com.zaxxer.hikari.pool.HikariPool        : HikariPool-1 - Thread starvation or clock leap detected (housekeeper delta=22m35s991ms).
2025-07-05T17:48:33.392+08:00  WARN 38400 --- [payment-tracker] [l-1 housekeeper] com.zaxxer.hikari.pool.HikariPool        : HikariPool-1 - Thread starvation or clock leap detected (housekeeper delta=15m35s169ms).
2025-07-05T18:08:04.309+08:00  WARN 38400 --- [payment-tracker] [l-1 housekeeper] com.zaxxer.hikari.pool.HikariPool        : HikariPool-1 - Thread starvation or clock leap detected (housekeeper delta=15m30s859ms).
